[ 2017-06-15T15:40:28+08:00 ] ::1 /web/
INFO: [ app_init ] --START--
INFO: Run Behavior\BuildLiteBehavior [ RunTime:0.000023s ]
INFO: [ app_init ] --END-- [ RunTime:0.000940s ]
INFO: [ app_begin ] --START--
INFO: Run Behavior\ReadHtmlCacheBehavior [ RunTime:0.000464s ]
INFO: [ app_begin ] --END-- [ RunTime:0.000511s ]
ERR: SQLSTATE[HY000] [1045] Access denied for user 'root'@'localhost' (using password: YES)

[ 2017-06-15T15:41:29+08:00 ] ::1 /web/
INFO: [ app_init ] --START--
INFO: Run Behavior\BuildLiteBehavior [ RunTime:0.000019s ]
INFO: [ app_init ] --END-- [ RunTime:0.000347s ]
INFO: [ app_begin ] --START--
INFO: Run Behavior\ReadHtmlCacheBehavior [ RunTime:0.000691s ]
INFO: [ app_begin ] --END-- [ RunTime:0.000741s ]
ERR: SQLSTATE[HY000] [1130] Host '116.228.21.187' is not allowed to connect to this MySQL server

[ 2017-06-15T15:41:30+08:00 ] ::1 /web/
INFO: [ app_init ] --START--
INFO: Run Behavior\BuildLiteBehavior [ RunTime:0.000011s ]
INFO: [ app_init ] --END-- [ RunTime:0.000277s ]
INFO: [ app_begin ] --START--
INFO: Run Behavior\ReadHtmlCacheBehavior [ RunTime:0.000389s ]
INFO: [ app_begin ] --END-- [ RunTime:0.000427s ]
ERR: SQLSTATE[HY000] [1130] Host '116.228.21.187' is not allowed to connect to this MySQL server

[ 2017-06-15T15:44:58+08:00 ] ::1 /web/
INFO: [ app_init ] --START--
INFO: Run Behavior\BuildLiteBehavior [ RunTime:0.000044s ]
INFO: [ app_init ] --END-- [ RunTime:0.001453s ]
INFO: [ app_begin ] --START--
INFO: Run Behavior\ReadHtmlCacheBehavior [ RunTime:0.001053s ]
INFO: [ app_begin ] --END-- [ RunTime:0.001147s ]
ERR: SQLSTATE[HY000] [1045] Access denied for user 'root'@'localhost' (using password: YES)

[ 2017-06-15T15:45:00+08:00 ] ::1 /web/
INFO: [ app_init ] --START--
INFO: Run Behavior\BuildLiteBehavior [ RunTime:0.000013s ]
INFO: [ app_init ] --END-- [ RunTime:0.000282s ]
INFO: [ app_begin ] --START--
INFO: Run Behavior\ReadHtmlCacheBehavior [ RunTime:0.000477s ]
INFO: [ app_begin ] --END-- [ RunTime:0.000531s ]
ERR: SQLSTATE[HY000] [1045] Access denied for user 'root'@'localhost' (using password: YES)

[ 2017-06-15T15:45:01+08:00 ] ::1 /web/
INFO: [ app_init ] --START--
INFO: Run Behavior\BuildLiteBehavior [ RunTime:0.000012s ]
INFO: [ app_init ] --END-- [ RunTime:0.000267s ]
INFO: [ app_begin ] --START--
INFO: Run Behavior\ReadHtmlCacheBehavior [ RunTime:0.000404s ]
INFO: [ app_begin ] --END-- [ RunTime:0.000448s ]
ERR: SQLSTATE[HY000] [1045] Access denied for user 'root'@'localhost' (using password: YES)

[ 2017-06-15T15:45:01+08:00 ] ::1 /web/
INFO: [ app_init ] --START--
INFO: Run Behavior\BuildLiteBehavior [ RunTime:0.000010s ]
INFO: [ app_init ] --END-- [ RunTime:0.000261s ]
INFO: [ app_begin ] --START--
INFO: Run Behavior\ReadHtmlCacheBehavior [ RunTime:0.000393s ]
INFO: [ app_begin ] --END-- [ RunTime:0.000431s ]
ERR: SQLSTATE[HY000] [1045] Access denied for user 'root'@'localhost' (using password: YES)

[ 2017-06-15T15:45:02+08:00 ] ::1 /web/
INFO: [ app_init ] --START--
INFO: Run Behavior\BuildLiteBehavior [ RunTime:0.000011s ]
INFO: [ app_init ] --END-- [ RunTime:0.000271s ]
INFO: [ app_begin ] --START--
INFO: Run Behavior\ReadHtmlCacheBehavior [ RunTime:0.000391s ]
INFO: [ app_begin ] --END-- [ RunTime:0.000434s ]
ERR: SQLSTATE[HY000] [1045] Access denied for user 'root'@'localhost' (using password: YES)

[ 2017-06-15T15:45:02+08:00 ] ::1 /web/
INFO: [ app_init ] --START--
INFO: Run Behavior\BuildLiteBehavior [ RunTime:0.000022s ]
INFO: [ app_init ] --END-- [ RunTime:0.000587s ]
INFO: [ app_begin ] --START--
INFO: Run Behavior\ReadHtmlCacheBehavior [ RunTime:0.000436s ]
INFO: [ app_begin ] --END-- [ RunTime:0.000487s ]
ERR: SQLSTATE[HY000] [1045] Access denied for user 'root'@'localhost' (using password: YES)

[ 2017-06-15T15:45:02+08:00 ] ::1 /web/
INFO: [ app_init ] --START--
INFO: Run Behavior\BuildLiteBehavior [ RunTime:0.000012s ]
INFO: [ app_init ] --END-- [ RunTime:0.000300s ]
INFO: [ app_begin ] --START--
INFO: Run Behavior\ReadHtmlCacheBehavior [ RunTime:0.000387s ]
INFO: [ app_begin ] --END-- [ RunTime:0.000421s ]
ERR: SQLSTATE[HY000] [1045] Access denied for user 'root'@'localhost' (using password: YES)

[ 2017-06-15T15:45:02+08:00 ] ::1 /web/
INFO: [ app_init ] --START--
INFO: Run Behavior\BuildLiteBehavior [ RunTime:0.000011s ]
INFO: [ app_init ] --END-- [ RunTime:0.000263s ]
INFO: [ app_begin ] --START--
INFO: Run Behavior\ReadHtmlCacheBehavior [ RunTime:0.000379s ]
INFO: [ app_begin ] --END-- [ RunTime:0.000413s ]
ERR: SQLSTATE[HY000] [1045] Access denied for user 'root'@'localhost' (using password: YES)

[ 2017-06-15T15:45:03+08:00 ] ::1 /web/
INFO: [ app_init ] --START--
INFO: Run Behavior\BuildLiteBehavior [ RunTime:0.000020s ]
INFO: [ app_init ] --END-- [ RunTime:0.000408s ]
INFO: [ app_begin ] --START--
INFO: Run Behavior\ReadHtmlCacheBehavior [ RunTime:0.000413s ]
INFO: [ app_begin ] --END-- [ RunTime:0.000452s ]
ERR: SQLSTATE[HY000] [1045] Access denied for user 'root'@'localhost' (using password: YES)

[ 2017-06-15T15:45:03+08:00 ] ::1 /web/
INFO: [ app_init ] --START--
INFO: Run Behavior\BuildLiteBehavior [ RunTime:0.000023s ]
INFO: [ app_init ] --END-- [ RunTime:0.001238s ]
INFO: [ app_begin ] --START--
INFO: Run Behavior\ReadHtmlCacheBehavior [ RunTime:0.001000s ]
INFO: [ app_begin ] --END-- [ RunTime:0.001145s ]
ERR: SQLSTATE[HY000] [1045] Access denied for user 'root'@'localhost' (using password: YES)

[ 2017-06-15T15:45:03+08:00 ] ::1 /web/
INFO: [ app_init ] --START--
INFO: Run Behavior\BuildLiteBehavior [ RunTime:0.000012s ]
INFO: [ app_init ] --END-- [ RunTime:0.000313s ]
INFO: [ app_begin ] --START--
INFO: Run Behavior\ReadHtmlCacheBehavior [ RunTime:0.000370s ]
INFO: [ app_begin ] --END-- [ RunTime:0.000402s ]
ERR: SQLSTATE[HY000] [1045] Access denied for user 'root'@'localhost' (using password: YES)

[ 2017-06-15T15:45:03+08:00 ] ::1 /web/
INFO: [ app_init ] --START--
INFO: Run Behavior\BuildLiteBehavior [ RunTime:0.000031s ]
INFO: [ app_init ] --END-- [ RunTime:0.000948s ]
INFO: [ app_begin ] --START--
INFO: Run Behavior\ReadHtmlCacheBehavior [ RunTime:0.000446s ]
INFO: [ app_begin ] --END-- [ RunTime:0.000490s ]
ERR: SQLSTATE[HY000] [1045] Access denied for user 'root'@'localhost' (using password: YES)

[ 2017-06-15T15:45:04+08:00 ] ::1 /web/
INFO: [ app_init ] --START--
INFO: Run Behavior\BuildLiteBehavior [ RunTime:0.000012s ]
INFO: [ app_init ] --END-- [ RunTime:0.000285s ]
INFO: [ app_begin ] --START--
INFO: Run Behavior\ReadHtmlCacheBehavior [ RunTime:0.000360s ]
INFO: [ app_begin ] --END-- [ RunTime:0.000391s ]
ERR: SQLSTATE[HY000] [1045] Access denied for user 'root'@'localhost' (using password: YES)

[ 2017-06-15T15:45:12+08:00 ] ::1 /web/
INFO: [ app_init ] --START--
INFO: Run Behavior\BuildLiteBehavior [ RunTime:0.000018s ]
INFO: [ app_init ] --END-- [ RunTime:0.000343s ]
INFO: [ app_begin ] --START--
INFO: Run Behavior\ReadHtmlCacheBehavior [ RunTime:0.000366s ]
INFO: [ app_begin ] --END-- [ RunTime:0.000398s ]
SQL: SHOW COLUMNS FROM `miuu_categoryart` [ RunTime:0.0046s ]
SQL: SELECT `id`,`name`,`pid` FROM `miuu_categoryart`  [ RunTime:0.0004s ]
SQL: SHOW COLUMNS FROM `miuu_articles` [ RunTime:0.0050s ]
SQL: SHOW COLUMNS FROM `miuu_down` [ RunTime:0.0036s ]
SQL: SHOW COLUMNS FROM `miuu_essay` [ RunTime:0.0046s ]
SQL: SHOW COLUMNS FROM `miuu_notes` [ RunTime:0.0059s ]
SQL: SHOW COLUMNS FROM `miuu_news` [ RunTime:0.0035s ]
NOTIC: [8] Undefined variable: where /Users/miuu/object/miuu/web/Application/Home/Model/ArticlesModel.class.php 第 53 行.
SQL: SELECT COUNT(*) AS tp_count FROM miuu_articles a LIMIT 1   [ RunTime:0.0025s ]
NOTIC: [8] Undefined variable: where /Users/miuu/object/miuu/web/Application/Home/Model/ArticlesModel.class.php 第 57 行.
SQL: SELECT c.name as category_name,a.category_id,a.id,a.name,a.desc,a.thumb,a.sn,a.add_time,a.author,a.content,a.keywords,a.source,a.url,a.click FROM miuu_articles a LEFT JOIN miuu_categoryart AS c ON c.id=a.category_id  ORDER BY a.id desc LIMIT 0,12   [ RunTime:0.0029s ]
SQL: SELECT `id`,`name`,`thumb`,`author`,`add_time` FROM `miuu_articles` WHERE `recycle` = 'no' AND `on_sale` = 'yes' AND `recommend` = 'yes' ORDER BY click desc LIMIT 3   [ RunTime:0.0006s ]
SQL: SELECT `id`,`name`,`thumb`,`author`,`add_time`,`click` FROM `miuu_down` WHERE `recycle` = 'no' AND `on_sale` = 'yes' AND `recommend` = 'yes' ORDER BY rand() LIMIT 4   [ RunTime:0.0008s ]
SQL: SELECT c.name as categorynews_name,a.category_id,a.id,a.name,a.sn,a.add_time,a.content,a.click FROM miuu_news a LEFT JOIN miuu_categorynews AS c ON c.id=a.category_id  WHERE `recycle` = 'no' AND `on_sale` = 'yes' AND `recommend` = 'yes' ORDER BY a.id desc LIMIT 6   [ RunTime:0.0033s ]
SQL: SELECT `id`,`name`,`add_time`,`thumb`,`click`,`source`,`author` FROM `miuu_essay` WHERE `recycle` = 'no' AND `on_sale` = 'yes' AND `recommend` = 'yes' ORDER BY id desc LIMIT 4   [ RunTime:0.0004s ]
SQL: SELECT `id`,`name`,`add_time`,`thumb`,`click` FROM `miuu_notes` WHERE `recycle` = 'no' AND `on_sale` = 'yes' AND `recommend` = 'yes' ORDER BY id desc LIMIT 9   [ RunTime:0.0015s ]
SQL: SELECT `id`,`name` FROM `miuu_articles` ORDER BY add_time asc LIMIT 4   [ RunTime:0.0003s ]
INFO: [ view_parse ] --START--
INFO: [ template_filter ] --START--
INFO: Run Behavior\ContentReplaceBehavior [ RunTime:0.000268s ]
INFO: [ template_filter ] --END-- [ RunTime:0.000310s ]
INFO: Run Behavior\ParseTemplateBehavior [ RunTime:0.019238s ]
INFO: [ view_parse ] --END-- [ RunTime:0.019290s ]
INFO: [ view_filter ] --START--
INFO: Run Behavior\WriteHtmlCacheBehavior [ RunTime:0.000245s ]
INFO: Run Behavior\TokenBuildBehavior [ RunTime:0.000296s ]
INFO: [ view_filter ] --END-- [ RunTime:0.000593s ]
INFO: [ app_end ] --START--
INFO: Run Behavior\ShowPageTraceBehavior [ RunTime:0.000815s ]
INFO: [ app_end ] --END-- [ RunTime:0.000907s ]

[ 2017-06-15T15:45:55+08:00 ] ::1 /web/
INFO: [ app_init ] --START--
INFO: Run Behavior\BuildLiteBehavior [ RunTime:0.000014s ]
INFO: [ app_init ] --END-- [ RunTime:0.000296s ]
INFO: [ app_begin ] --START--
INFO: Run Behavior\ReadHtmlCacheBehavior [ RunTime:0.001770s ]
INFO: [ app_begin ] --END-- [ RunTime:0.002023s ]
ERR: SQLSTATE[HY000] [2002] php_network_getaddresses: getaddrinfo failed: nodename nor servname provided, or not known

[ 2017-06-15T15:46:01+08:00 ] ::1 /web/
INFO: [ app_init ] --START--
INFO: Run Behavior\BuildLiteBehavior [ RunTime:0.000019s ]
INFO: [ app_init ] --END-- [ RunTime:0.000462s ]
INFO: [ app_begin ] --START--
INFO: Run Behavior\ReadHtmlCacheBehavior [ RunTime:0.000438s ]
INFO: [ app_begin ] --END-- [ RunTime:0.000483s ]
ERR: SQLSTATE[HY000] [2002] php_network_getaddresses: getaddrinfo failed: nodename nor servname provided, or not known

[ 2017-06-15T15:47:06+08:00 ] ::1 /web/
INFO: [ app_init ] --START--
INFO: Run Behavior\BuildLiteBehavior [ RunTime:0.000020s ]
INFO: [ app_init ] --END-- [ RunTime:0.000390s ]
INFO: [ app_begin ] --START--
INFO: Run Behavior\ReadHtmlCacheBehavior [ RunTime:0.000399s ]
INFO: [ app_begin ] --END-- [ RunTime:0.000431s ]
ERR: SQLSTATE[HY000] [2006] MySQL server has gone away

[ 2017-06-15T15:49:39+08:00 ] ::1 /web/
INFO: [ app_init ] --START--
INFO: Run Behavior\BuildLiteBehavior [ RunTime:0.000019s ]
INFO: [ app_init ] --END-- [ RunTime:0.000380s ]
INFO: [ app_begin ] --START--
INFO: Run Behavior\ReadHtmlCacheBehavior [ RunTime:0.000476s ]
INFO: [ app_begin ] --END-- [ RunTime:0.000515s ]
ERR: SQLSTATE[HY000] [1045] Access denied for user 'root'@'localhost' (using password: YES)

[ 2017-06-15T15:49:40+08:00 ] ::1 /web/
INFO: [ app_init ] --START--
INFO: Run Behavior\BuildLiteBehavior [ RunTime:0.000012s ]
INFO: [ app_init ] --END-- [ RunTime:0.000274s ]
INFO: [ app_begin ] --START--
INFO: Run Behavior\ReadHtmlCacheBehavior [ RunTime:0.000437s ]
INFO: [ app_begin ] --END-- [ RunTime:0.000491s ]
ERR: SQLSTATE[HY000] [1045] Access denied for user 'root'@'localhost' (using password: YES)

[ 2017-06-15T15:49:44+08:00 ] ::1 /web/
INFO: [ app_init ] --START--
INFO: Run Behavior\BuildLiteBehavior [ RunTime:0.000013s ]
INFO: [ app_init ] --END-- [ RunTime:0.000332s ]
INFO: [ app_begin ] --START--
INFO: Run Behavior\ReadHtmlCacheBehavior [ RunTime:0.000391s ]
INFO: [ app_begin ] --END-- [ RunTime:0.000424s ]
ERR: SQLSTATE[HY000] [1045] Access denied for user 'root'@'localhost' (using password: YES)

[ 2017-06-15T15:49:49+08:00 ] ::1 /web/
INFO: [ app_init ] --START--
INFO: Run Behavior\BuildLiteBehavior [ RunTime:0.000038s ]
INFO: [ app_init ] --END-- [ RunTime:0.001007s ]
INFO: [ app_begin ] --START--
INFO: Run Behavior\ReadHtmlCacheBehavior [ RunTime:0.000483s ]
INFO: [ app_begin ] --END-- [ RunTime:0.000525s ]
SQL: SHOW COLUMNS FROM `miuu_categoryart` [ RunTime:0.0025s ]
SQL: SELECT `id`,`name`,`pid` FROM `miuu_categoryart`  [ RunTime:0.0004s ]
SQL: SHOW COLUMNS FROM `miuu_articles` [ RunTime:0.0013s ]
SQL: SHOW COLUMNS FROM `miuu_down` [ RunTime:0.0014s ]
SQL: SHOW COLUMNS FROM `miuu_essay` [ RunTime:0.0012s ]
SQL: SHOW COLUMNS FROM `miuu_notes` [ RunTime:0.0013s ]
SQL: SHOW COLUMNS FROM `miuu_news` [ RunTime:0.0014s ]
NOTIC: [8] Undefined variable: where /Users/miuu/object/miuu/web/Application/Home/Model/ArticlesModel.class.php 第 53 行.
SQL: SELECT COUNT(*) AS tp_count FROM miuu_articles a LIMIT 1   [ RunTime:0.0004s ]
NOTIC: [8] Undefined variable: where /Users/miuu/object/miuu/web/Application/Home/Model/ArticlesModel.class.php 第 57 行.
SQL: SELECT c.name as category_name,a.category_id,a.id,a.name,a.desc,a.thumb,a.sn,a.add_time,a.author,a.content,a.keywords,a.source,a.url,a.click FROM miuu_articles a LEFT JOIN miuu_categoryart AS c ON c.id=a.category_id  ORDER BY a.id desc LIMIT 0,12   [ RunTime:0.0011s ]
SQL: SELECT `id`,`name`,`thumb`,`author`,`add_time` FROM `miuu_articles` WHERE `recycle` = 'no' AND `on_sale` = 'yes' AND `recommend` = 'yes' ORDER BY click desc LIMIT 3   [ RunTime:0.0005s ]
SQL: SELECT `id`,`name`,`thumb`,`author`,`add_time`,`click` FROM `miuu_down` WHERE `recycle` = 'no' AND `on_sale` = 'yes' AND `recommend` = 'yes' ORDER BY rand() LIMIT 4   [ RunTime:0.0005s ]
SQL: SELECT c.name as categorynews_name,a.category_id,a.id,a.name,a.sn,a.add_time,a.content,a.click FROM miuu_news a LEFT JOIN miuu_categorynews AS c ON c.id=a.category_id  WHERE `recycle` = 'no' AND `on_sale` = 'yes' AND `recommend` = 'yes' ORDER BY a.id desc LIMIT 6   [ RunTime:0.0006s ]
SQL: SELECT `id`,`name`,`add_time`,`thumb`,`click`,`source`,`author` FROM `miuu_essay` WHERE `recycle` = 'no' AND `on_sale` = 'yes' AND `recommend` = 'yes' ORDER BY id desc LIMIT 4   [ RunTime:0.0004s ]
SQL: SELECT `id`,`name`,`add_time`,`thumb`,`click` FROM `miuu_notes` WHERE `recycle` = 'no' AND `on_sale` = 'yes' AND `recommend` = 'yes' ORDER BY id desc LIMIT 9   [ RunTime:0.0004s ]
SQL: SELECT `id`,`name` FROM `miuu_articles` ORDER BY add_time asc LIMIT 4   [ RunTime:0.0003s ]
INFO: [ view_parse ] --START--
INFO: [ template_filter ] --START--
INFO: Run Behavior\ContentReplaceBehavior [ RunTime:0.000265s ]
INFO: [ template_filter ] --END-- [ RunTime:0.000304s ]
INFO: Run Behavior\ParseTemplateBehavior [ RunTime:0.015764s ]
INFO: [ view_parse ] --END-- [ RunTime:0.015802s ]
INFO: [ view_filter ] --START--
INFO: Run Behavior\WriteHtmlCacheBehavior [ RunTime:0.000160s ]
INFO: Run Behavior\TokenBuildBehavior [ RunTime:0.000327s ]
INFO: [ view_filter ] --END-- [ RunTime:0.000538s ]
INFO: [ app_end ] --START--
INFO: Run Behavior\ShowPageTraceBehavior [ RunTime:0.000747s ]
INFO: [ app_end ] --END-- [ RunTime:0.000821s ]

[ 2017-06-15T15:52:44+08:00 ] ::1 /web/
INFO: [ app_init ] --START--
INFO: Run Behavior\BuildLiteBehavior [ RunTime:0.000026s ]
INFO: [ app_init ] --END-- [ RunTime:0.000547s ]
INFO: [ app_begin ] --START--
INFO: Run Behavior\ReadHtmlCacheBehavior [ RunTime:0.000650s ]
INFO: [ app_begin ] --END-- [ RunTime:0.000730s ]
SQL: SHOW COLUMNS FROM `miuu_categoryart` [ RunTime:0.0032s ]
SQL: SELECT `id`,`name`,`pid` FROM `miuu_categoryart`  [ RunTime:0.0007s ]
SQL: SHOW COLUMNS FROM `miuu_articles` [ RunTime:0.0022s ]
SQL: SHOW COLUMNS FROM `miuu_down` [ RunTime:0.0021s ]
SQL: SHOW COLUMNS FROM `miuu_essay` [ RunTime:0.0013s ]
SQL: SHOW COLUMNS FROM `miuu_notes` [ RunTime:0.0017s ]
SQL: SHOW COLUMNS FROM `miuu_news` [ RunTime:0.0015s ]
NOTIC: [8] Undefined variable: where /Users/miuu/object/miuu/web/Application/Home/Model/ArticlesModel.class.php 第 53 行.
SQL: SELECT COUNT(*) AS tp_count FROM miuu_articles a LIMIT 1   [ RunTime:0.0003s ]
NOTIC: [8] Undefined variable: where /Users/miuu/object/miuu/web/Application/Home/Model/ArticlesModel.class.php 第 57 行.
SQL: SELECT c.name as category_name,a.category_id,a.id,a.name,a.desc,a.thumb,a.sn,a.add_time,a.author,a.content,a.keywords,a.source,a.url,a.click FROM miuu_articles a LEFT JOIN miuu_categoryart AS c ON c.id=a.category_id  ORDER BY a.id desc LIMIT 0,12   [ RunTime:0.0010s ]
SQL: SELECT `id`,`name`,`thumb`,`author`,`add_time` FROM `miuu_articles` WHERE `recycle` = 'no' AND `on_sale` = 'yes' AND `recommend` = 'yes' ORDER BY click desc LIMIT 3   [ RunTime:0.0005s ]
SQL: SELECT `id`,`name`,`thumb`,`author`,`add_time`,`click` FROM `miuu_down` WHERE `recycle` = 'no' AND `on_sale` = 'yes' AND `recommend` = 'yes' ORDER BY rand() LIMIT 4   [ RunTime:0.0007s ]
SQL: SELECT c.name as categorynews_name,a.category_id,a.id,a.name,a.sn,a.add_time,a.content,a.click FROM miuu_news a LEFT JOIN miuu_categorynews AS c ON c.id=a.category_id  WHERE `recycle` = 'no' AND `on_sale` = 'yes' AND `recommend` = 'yes' ORDER BY a.id desc LIMIT 6   [ RunTime:0.0007s ]
SQL: SELECT `id`,`name`,`add_time`,`thumb`,`click`,`source`,`author` FROM `miuu_essay` WHERE `recycle` = 'no' AND `on_sale` = 'yes' AND `recommend` = 'yes' ORDER BY id desc LIMIT 4   [ RunTime:0.0004s ]
SQL: SELECT `id`,`name`,`add_time`,`thumb`,`click` FROM `miuu_notes` WHERE `recycle` = 'no' AND `on_sale` = 'yes' AND `recommend` = 'yes' ORDER BY id desc LIMIT 9   [ RunTime:0.0004s ]
SQL: SELECT `id`,`name` FROM `miuu_articles` ORDER BY add_time asc LIMIT 4   [ RunTime:0.0003s ]
INFO: [ view_parse ] --START--
INFO: [ template_filter ] --START--
INFO: Run Behavior\ContentReplaceBehavior [ RunTime:0.000289s ]
INFO: [ template_filter ] --END-- [ RunTime:0.000364s ]
INFO: Run Behavior\ParseTemplateBehavior [ RunTime:0.017005s ]
INFO: [ view_parse ] --END-- [ RunTime:0.017045s ]
INFO: [ view_filter ] --START--
INFO: Run Behavior\WriteHtmlCacheBehavior [ RunTime:0.000155s ]
INFO: Run Behavior\TokenBuildBehavior [ RunTime:0.000260s ]
INFO: [ view_filter ] --END-- [ RunTime:0.000458s ]
INFO: [ app_end ] --START--
INFO: Run Behavior\ShowPageTraceBehavior [ RunTime:0.000574s ]
INFO: [ app_end ] --END-- [ RunTime:0.000644s ]

