[ 2017-05-26T09:40:08+08:00 ] ::1 /web/
INFO: [ app_init ] --START--
INFO: Run Behavior\BuildLiteBehavior [ RunTime:0.000031s ]
INFO: [ app_init ] --END-- [ RunTime:0.001205s ]
INFO: [ app_begin ] --START--
INFO: Run Behavior\ReadHtmlCacheBehavior [ RunTime:0.000623s ]
INFO: [ app_begin ] --END-- [ RunTime:0.000669s ]
SQL: SHOW COLUMNS FROM `miuu_categoryart` [ RunTime:0.0044s ]
SQL: SELECT `id`,`name`,`pid` FROM `miuu_categoryart`  [ RunTime:0.0005s ]
SQL: SHOW COLUMNS FROM `miuu_articles` [ RunTime:0.0061s ]
SQL: SHOW COLUMNS FROM `miuu_down` [ RunTime:0.0033s ]
SQL: SHOW COLUMNS FROM `miuu_essay` [ RunTime:0.0038s ]
SQL: SHOW COLUMNS FROM `miuu_notes` [ RunTime:0.0049s ]
SQL: SHOW COLUMNS FROM `miuu_news` [ RunTime:0.0033s ]
NOTIC: [8] Undefined variable: where /Users/miuu/object/miuu/web/Application/Home/Model/ArticlesModel.class.php 第 53 行.
SQL: SELECT COUNT(*) AS tp_count FROM miuu_articles a LIMIT 1   [ RunTime:0.0012s ]
NOTIC: [8] Undefined variable: where /Users/miuu/object/miuu/web/Application/Home/Model/ArticlesModel.class.php 第 57 行.
SQL: SELECT c.name as category_name,a.category_id,a.id,a.name,a.desc,a.thumb,a.sn,a.add_time,a.author,a.content,a.keywords,a.source,a.url,a.click FROM miuu_articles a LEFT JOIN miuu_categoryart AS c ON c.id=a.category_id  ORDER BY a.id desc LIMIT 0,12   [ RunTime:0.0020s ]
SQL: SELECT `id`,`name`,`thumb`,`author`,`add_time` FROM `miuu_articles` WHERE `recycle` = 'no' AND `on_sale` = 'yes' AND `recommend` = 'yes' ORDER BY click desc LIMIT 3   [ RunTime:0.0005s ]
SQL: SELECT `id`,`name`,`thumb`,`author`,`add_time`,`click` FROM `miuu_down` WHERE `recycle` = 'no' AND `on_sale` = 'yes' AND `recommend` = 'yes' ORDER BY rand() LIMIT 4   [ RunTime:0.0007s ]
SQL: SELECT c.name as categorynews_name,a.category_id,a.id,a.name,a.sn,a.add_time,a.content,a.click FROM miuu_news a LEFT JOIN miuu_categorynews AS c ON c.id=a.category_id  WHERE `recycle` = 'no' AND `on_sale` = 'yes' AND `recommend` = 'yes' ORDER BY a.id desc LIMIT 6   [ RunTime:0.0027s ]
SQL: SELECT `id`,`name`,`add_time`,`thumb`,`click`,`source`,`author` FROM `miuu_essay` WHERE `recycle` = 'no' AND `on_sale` = 'yes' AND `recommend` = 'yes' ORDER BY id desc LIMIT 4   [ RunTime:0.0011s ]
SQL: SELECT `id`,`name`,`add_time`,`thumb`,`click` FROM `miuu_notes` WHERE `recycle` = 'no' AND `on_sale` = 'yes' AND `recommend` = 'yes' ORDER BY id desc LIMIT 9   [ RunTime:0.0011s ]
SQL: SELECT `id`,`name` FROM `miuu_articles` ORDER BY add_time asc LIMIT 4   [ RunTime:0.0004s ]
INFO: [ view_parse ] --START--
INFO: [ template_filter ] --START--
INFO: Run Behavior\ContentReplaceBehavior [ RunTime:0.000270s ]
INFO: [ template_filter ] --END-- [ RunTime:0.000327s ]
INFO: Run Behavior\ParseTemplateBehavior [ RunTime:0.021491s ]
INFO: [ view_parse ] --END-- [ RunTime:0.021545s ]
INFO: [ view_filter ] --START--
INFO: Run Behavior\WriteHtmlCacheBehavior [ RunTime:0.000481s ]
INFO: Run Behavior\TokenBuildBehavior [ RunTime:0.000575s ]
INFO: [ view_filter ] --END-- [ RunTime:0.001130s ]
INFO: [ app_end ] --START--
INFO: Run Behavior\ShowPageTraceBehavior [ RunTime:0.000999s ]
INFO: [ app_end ] --END-- [ RunTime:0.001078s ]

[ 2017-05-26T09:40:11+08:00 ] ::1 /web/Tools/nav.html
INFO: [ app_init ] --START--
INFO: Run Behavior\BuildLiteBehavior [ RunTime:0.000011s ]
INFO: [ app_init ] --END-- [ RunTime:0.000269s ]
INFO: [ app_begin ] --START--
INFO: Run Behavior\ReadHtmlCacheBehavior [ RunTime:0.000391s ]
INFO: [ app_begin ] --END-- [ RunTime:0.000426s ]
SQL: SHOW COLUMNS FROM `miuu_categoryart` [ RunTime:0.0011s ]
SQL: SELECT `id`,`name`,`pid` FROM `miuu_categoryart`  [ RunTime:0.0005s ]
SQL: SHOW COLUMNS FROM `miuu_navs` [ RunTime:0.0034s ]
SQL: SHOW COLUMNS FROM `miuu_categorynavs` [ RunTime:0.0051s ]
SQL: SELECT `id`,`name` FROM `miuu_categorynavs` WHERE ( id IN(1,2,3,4,6,7,8,9,10) )  [ RunTime:0.0016s ]
SQL: SELECT * FROM `miuu_navs` WHERE ( category_id='1' )  [ RunTime:0.0015s ]
SQL: SELECT * FROM `miuu_navs` WHERE ( category_id='2' )  [ RunTime:0.0006s ]
SQL: SELECT * FROM `miuu_navs` WHERE ( category_id='3' )  [ RunTime:0.0005s ]
SQL: SELECT * FROM `miuu_navs` WHERE ( category_id='4' )  [ RunTime:0.0004s ]
SQL: SELECT * FROM `miuu_navs` WHERE ( category_id='6' )  [ RunTime:0.0004s ]
SQL: SELECT * FROM `miuu_navs` WHERE ( category_id='7' )  [ RunTime:0.0004s ]
SQL: SELECT * FROM `miuu_navs` WHERE ( category_id='8' )  [ RunTime:0.0004s ]
SQL: SELECT * FROM `miuu_navs` WHERE ( category_id='9' )  [ RunTime:0.0004s ]
SQL: SELECT * FROM `miuu_navs` WHERE ( category_id='10' )  [ RunTime:0.0004s ]
SQL: SELECT `id`,`name` FROM `miuu_categorynavs` WHERE ( id=11 )  [ RunTime:0.0002s ]
SQL: SELECT * FROM `miuu_navs` WHERE ( category_id='11' )  [ RunTime:0.0004s ]
SQL: SELECT `id`,`name` FROM `miuu_categorynavs` WHERE ( id=5 )  [ RunTime:0.0002s ]
SQL: SELECT * FROM `miuu_navs` WHERE ( category_id='5' )  [ RunTime:0.0004s ]
INFO: [ view_parse ] --START--
INFO: [ template_filter ] --START--
INFO: Run Behavior\ContentReplaceBehavior [ RunTime:0.000273s ]
INFO: [ template_filter ] --END-- [ RunTime:0.000319s ]
INFO: Run Behavior\ParseTemplateBehavior [ RunTime:0.014181s ]
INFO: [ view_parse ] --END-- [ RunTime:0.014227s ]
INFO: [ view_filter ] --START--
INFO: Run Behavior\WriteHtmlCacheBehavior [ RunTime:0.000156s ]
INFO: Run Behavior\TokenBuildBehavior [ RunTime:0.000226s ]
INFO: [ view_filter ] --END-- [ RunTime:0.000423s ]
INFO: [ app_end ] --START--
INFO: Run Behavior\ShowPageTraceBehavior [ RunTime:0.000603s ]
INFO: [ app_end ] --END-- [ RunTime:0.000661s ]

