[ 2017-05-05T09:53:08+08:00 ] ::1 /web/
INFO: [ app_init ] --START--
INFO: Run Behavior\BuildLiteBehavior [ RunTime:0.000026s ]
INFO: [ app_init ] --END-- [ RunTime:0.001145s ]
INFO: [ app_begin ] --START--
INFO: Run Behavior\ReadHtmlCacheBehavior [ RunTime:0.001085s ]
INFO: [ app_begin ] --END-- [ RunTime:0.001270s ]
SQL: SHOW COLUMNS FROM `miuu_categoryart` [ RunTime:0.0048s ]
SQL: SELECT `id`,`name`,`pid` FROM `miuu_categoryart`  [ RunTime:0.0006s ]
SQL: SHOW COLUMNS FROM `miuu_articles` [ RunTime:0.0054s ]
SQL: SHOW COLUMNS FROM `miuu_down` [ RunTime:0.0037s ]
SQL: SHOW COLUMNS FROM `miuu_essay` [ RunTime:0.0043s ]
SQL: SHOW COLUMNS FROM `miuu_notes` [ RunTime:0.0050s ]
SQL: SHOW COLUMNS FROM `miuu_news` [ RunTime:0.0036s ]
NOTIC: [8] Undefined variable: where /Users/miuu/object/miuu/web/Application/Home/Model/ArticlesModel.class.php 第 53 行.
SQL: SELECT COUNT(*) AS tp_count FROM miuu_articles a LIMIT 1   [ RunTime:0.0019s ]
NOTIC: [8] Undefined variable: where /Users/miuu/object/miuu/web/Application/Home/Model/ArticlesModel.class.php 第 57 行.
SQL: SELECT c.name as category_name,a.category_id,a.id,a.name,a.desc,a.thumb,a.sn,a.add_time,a.author,a.content,a.keywords,a.source,a.url,a.click FROM miuu_articles a LEFT JOIN miuu_categoryart AS c ON c.id=a.category_id  ORDER BY a.id desc LIMIT 0,12   [ RunTime:0.0021s ]
SQL: SELECT `id`,`name`,`thumb`,`author`,`add_time` FROM `miuu_articles` WHERE `recycle` = 'no' AND `on_sale` = 'yes' AND `recommend` = 'yes' ORDER BY click desc LIMIT 3   [ RunTime:0.0006s ]
SQL: SELECT `id`,`name`,`thumb`,`author`,`add_time`,`click` FROM `miuu_down` WHERE `recycle` = 'no' AND `on_sale` = 'yes' AND `recommend` = 'yes' ORDER BY rand() LIMIT 4   [ RunTime:0.0010s ]
SQL: SELECT c.name as categorynews_name,a.category_id,a.id,a.name,a.sn,a.add_time,a.content,a.click FROM miuu_news a LEFT JOIN miuu_categorynews AS c ON c.id=a.category_id  WHERE `recycle` = 'no' AND `on_sale` = 'yes' AND `recommend` = 'yes' ORDER BY a.id desc LIMIT 6   [ RunTime:0.0032s ]
SQL: SELECT `id`,`name`,`add_time`,`thumb`,`click`,`source`,`author` FROM `miuu_essay` WHERE `recycle` = 'no' AND `on_sale` = 'yes' AND `recommend` = 'yes' ORDER BY id desc LIMIT 4   [ RunTime:0.0011s ]
SQL: SELECT `id`,`name`,`add_time`,`thumb`,`click` FROM `miuu_notes` WHERE `recycle` = 'no' AND `on_sale` = 'yes' AND `recommend` = 'yes' ORDER BY id desc LIMIT 9   [ RunTime:0.0004s ]
SQL: SELECT `id`,`name` FROM `miuu_articles` ORDER BY add_time asc LIMIT 4   [ RunTime:0.0003s ]
INFO: [ view_parse ] --START--
INFO: [ template_filter ] --START--
INFO: Run Behavior\ContentReplaceBehavior [ RunTime:0.000307s ]
INFO: [ template_filter ] --END-- [ RunTime:0.000357s ]
INFO: Run Behavior\ParseTemplateBehavior [ RunTime:0.020101s ]
INFO: [ view_parse ] --END-- [ RunTime:0.020154s ]
INFO: [ view_filter ] --START--
INFO: Run Behavior\WriteHtmlCacheBehavior [ RunTime:0.000418s ]
INFO: Run Behavior\TokenBuildBehavior [ RunTime:0.000523s ]
INFO: [ view_filter ] --END-- [ RunTime:0.001019s ]
INFO: [ app_end ] --START--
INFO: Run Behavior\ShowPageTraceBehavior [ RunTime:0.001050s ]
INFO: [ app_end ] --END-- [ RunTime:0.001141s ]

[ 2017-05-05T09:53:10+08:00 ] ::1 /web/Blog/articles/id/43.html
INFO: [ app_init ] --START--
INFO: Run Behavior\BuildLiteBehavior [ RunTime:0.000015s ]
INFO: [ app_init ] --END-- [ RunTime:0.000450s ]
INFO: [ app_begin ] --START--
INFO: Run Behavior\ReadHtmlCacheBehavior [ RunTime:0.000675s ]
INFO: [ app_begin ] --END-- [ RunTime:0.000756s ]
SQL: SHOW COLUMNS FROM `miuu_categoryart` [ RunTime:0.0038s ]
SQL: SELECT `id`,`name`,`pid` FROM `miuu_categoryart`  [ RunTime:0.0016s ]
SQL: SHOW COLUMNS FROM `miuu_articles` [ RunTime:0.0026s ]
SQL: UPDATE `miuu_articles` SET `click`=click+1 WHERE `id` = 43 [ RunTime:0.0016s ]
SQL: SELECT `id`,`category_id`,`sn`,`name`,`thumb`,`author`,`add_time`,`desc`,`content`,`keywords`,`source`,`url`,`code`,`click` FROM `miuu_articles` WHERE `id` = 43 LIMIT 1   [ RunTime:0.0007s ]
SQL: SELECT `id`,`name`,`thumb`,`author`,`add_time` FROM `miuu_articles` WHERE `recycle` = 'no' AND `on_sale` = 'yes' AND `recommend` = 'yes' ORDER BY rand() LIMIT 4   [ RunTime:0.0013s ]
SQL: SELECT `id`,`name`,`thumb`,`add_time`,`click` FROM `miuu_articles` WHERE `recycle` = 'no' AND `on_sale` = 'yes' ORDER BY id desc LIMIT 4   [ RunTime:0.0016s ]
SQL: SELECT * FROM `miuu_articles` WHERE ( id<'43' ) ORDER BY id desc LIMIT 1   [ RunTime:0.0017s ]
SQL: SELECT * FROM `miuu_articles` WHERE ( id>'43' ) ORDER BY id asc LIMIT 1   [ RunTime:0.0013s ]
INFO: [ view_parse ] --START--
INFO: [ template_filter ] --START--
INFO: Run Behavior\ContentReplaceBehavior [ RunTime:0.000451s ]
INFO: [ template_filter ] --END-- [ RunTime:0.000716s ]
NOTIC: [8] Undefined variable: vv /Users/miuu/object/miuu/web/Application/Runtime/Cache/Home/b983be07d7749e2a5320823af3c77e64.php 第 128 行.
NOTIC: [8] Undefined variable: v /Users/miuu/object/miuu/web/Application/Runtime/Cache/Home/b983be07d7749e2a5320823af3c77e64.php 第 128 行.
INFO: Run Behavior\ParseTemplateBehavior [ RunTime:0.019946s ]
INFO: [ view_parse ] --END-- [ RunTime:0.020035s ]
INFO: [ view_filter ] --START--
INFO: Run Behavior\WriteHtmlCacheBehavior [ RunTime:0.000351s ]
INFO: Run Behavior\TokenBuildBehavior [ RunTime:0.000353s ]
INFO: [ view_filter ] --END-- [ RunTime:0.000802s ]
INFO: [ app_end ] --START--
INFO: Run Behavior\ShowPageTraceBehavior [ RunTime:0.001465s ]
INFO: [ app_end ] --END-- [ RunTime:0.001659s ]

[ 2017-05-05T11:56:02+08:00 ] ::1 /web/
INFO: [ app_init ] --START--
INFO: Run Behavior\BuildLiteBehavior [ RunTime:0.000020s ]
INFO: [ app_init ] --END-- [ RunTime:0.000353s ]
INFO: [ app_begin ] --START--
INFO: Run Behavior\ReadHtmlCacheBehavior [ RunTime:0.000374s ]
INFO: [ app_begin ] --END-- [ RunTime:0.000405s ]
SQL: SHOW COLUMNS FROM `miuu_categoryart` [ RunTime:0.0023s ]
SQL: SELECT `id`,`name`,`pid` FROM `miuu_categoryart`  [ RunTime:0.0005s ]
SQL: SHOW COLUMNS FROM `miuu_articles` [ RunTime:0.0016s ]
SQL: SHOW COLUMNS FROM `miuu_down` [ RunTime:0.0014s ]
SQL: SHOW COLUMNS FROM `miuu_essay` [ RunTime:0.0017s ]
SQL: SHOW COLUMNS FROM `miuu_notes` [ RunTime:0.0016s ]
SQL: SHOW COLUMNS FROM `miuu_news` [ RunTime:0.0013s ]
NOTIC: [8] Undefined variable: where /Users/miuu/object/miuu/web/Application/Home/Model/ArticlesModel.class.php 第 53 行.
SQL: SELECT COUNT(*) AS tp_count FROM miuu_articles a LIMIT 1   [ RunTime:0.0003s ]
NOTIC: [8] Undefined variable: where /Users/miuu/object/miuu/web/Application/Home/Model/ArticlesModel.class.php 第 57 行.
SQL: SELECT c.name as category_name,a.category_id,a.id,a.name,a.desc,a.thumb,a.sn,a.add_time,a.author,a.content,a.keywords,a.source,a.url,a.click FROM miuu_articles a LEFT JOIN miuu_categoryart AS c ON c.id=a.category_id  ORDER BY a.id desc LIMIT 0,12   [ RunTime:0.0009s ]
SQL: SELECT `id`,`name`,`thumb`,`author`,`add_time` FROM `miuu_articles` WHERE `recycle` = 'no' AND `on_sale` = 'yes' AND `recommend` = 'yes' ORDER BY click desc LIMIT 3   [ RunTime:0.0004s ]
SQL: SELECT `id`,`name`,`thumb`,`author`,`add_time`,`click` FROM `miuu_down` WHERE `recycle` = 'no' AND `on_sale` = 'yes' AND `recommend` = 'yes' ORDER BY rand() LIMIT 4   [ RunTime:0.0004s ]
SQL: SELECT c.name as categorynews_name,a.category_id,a.id,a.name,a.sn,a.add_time,a.content,a.click FROM miuu_news a LEFT JOIN miuu_categorynews AS c ON c.id=a.category_id  WHERE `recycle` = 'no' AND `on_sale` = 'yes' AND `recommend` = 'yes' ORDER BY a.id desc LIMIT 6   [ RunTime:0.0004s ]
SQL: SELECT `id`,`name`,`add_time`,`thumb`,`click`,`source`,`author` FROM `miuu_essay` WHERE `recycle` = 'no' AND `on_sale` = 'yes' AND `recommend` = 'yes' ORDER BY id desc LIMIT 4   [ RunTime:0.0005s ]
SQL: SELECT `id`,`name`,`add_time`,`thumb`,`click` FROM `miuu_notes` WHERE `recycle` = 'no' AND `on_sale` = 'yes' AND `recommend` = 'yes' ORDER BY id desc LIMIT 9   [ RunTime:0.0005s ]
SQL: SELECT `id`,`name` FROM `miuu_articles` ORDER BY add_time asc LIMIT 4   [ RunTime:0.0005s ]
INFO: [ view_parse ] --START--
INFO: [ template_filter ] --START--
INFO: Run Behavior\ContentReplaceBehavior [ RunTime:0.000266s ]
INFO: [ template_filter ] --END-- [ RunTime:0.000307s ]
INFO: Run Behavior\ParseTemplateBehavior [ RunTime:0.016537s ]
INFO: [ view_parse ] --END-- [ RunTime:0.016595s ]
INFO: [ view_filter ] --START--
INFO: Run Behavior\WriteHtmlCacheBehavior [ RunTime:0.000181s ]
INFO: Run Behavior\TokenBuildBehavior [ RunTime:0.000270s ]
INFO: [ view_filter ] --END-- [ RunTime:0.000500s ]
INFO: [ app_end ] --START--
INFO: Run Behavior\ShowPageTraceBehavior [ RunTime:0.000545s ]
INFO: [ app_end ] --END-- [ RunTime:0.000592s ]

