[ 2017-05-25T17:07:16+08:00 ] ::1 /web/
INFO: [ app_init ] --START--
INFO: Run Behavior\BuildLiteBehavior [ RunTime:0.000023s ]
INFO: [ app_init ] --END-- [ RunTime:0.001109s ]
INFO: [ app_begin ] --START--
INFO: Run Behavior\ReadHtmlCacheBehavior [ RunTime:0.000779s ]
INFO: [ app_begin ] --END-- [ RunTime:0.000842s ]
SQL: SHOW COLUMNS FROM `miuu_categoryart` [ RunTime:0.0059s ]
SQL: SELECT `id`,`name`,`pid` FROM `miuu_categoryart`  [ RunTime:0.0007s ]
SQL: SHOW COLUMNS FROM `miuu_articles` [ RunTime:0.0077s ]
SQL: SHOW COLUMNS FROM `miuu_down` [ RunTime:0.0036s ]
SQL: SHOW COLUMNS FROM `miuu_essay` [ RunTime:0.0049s ]
SQL: SHOW COLUMNS FROM `miuu_notes` [ RunTime:0.0050s ]
SQL: SHOW COLUMNS FROM `miuu_news` [ RunTime:0.0039s ]
NOTIC: [8] Undefined variable: where /Users/miuu/object/miuu/web/Application/Home/Model/ArticlesModel.class.php 第 53 行.
SQL: SELECT COUNT(*) AS tp_count FROM miuu_articles a LIMIT 1   [ RunTime:0.0012s ]
NOTIC: [8] Undefined variable: where /Users/miuu/object/miuu/web/Application/Home/Model/ArticlesModel.class.php 第 57 行.
SQL: SELECT c.name as category_name,a.category_id,a.id,a.name,a.desc,a.thumb,a.sn,a.add_time,a.author,a.content,a.keywords,a.source,a.url,a.click FROM miuu_articles a LEFT JOIN miuu_categoryart AS c ON c.id=a.category_id  ORDER BY a.id desc LIMIT 0,12   [ RunTime:0.0023s ]
SQL: SELECT `id`,`name`,`thumb`,`author`,`add_time` FROM `miuu_articles` WHERE `recycle` = 'no' AND `on_sale` = 'yes' AND `recommend` = 'yes' ORDER BY click desc LIMIT 3   [ RunTime:0.0007s ]
SQL: SELECT `id`,`name`,`thumb`,`author`,`add_time`,`click` FROM `miuu_down` WHERE `recycle` = 'no' AND `on_sale` = 'yes' AND `recommend` = 'yes' ORDER BY rand() LIMIT 4   [ RunTime:0.0008s ]
SQL: SELECT c.name as categorynews_name,a.category_id,a.id,a.name,a.sn,a.add_time,a.content,a.click FROM miuu_news a LEFT JOIN miuu_categorynews AS c ON c.id=a.category_id  WHERE `recycle` = 'no' AND `on_sale` = 'yes' AND `recommend` = 'yes' ORDER BY a.id desc LIMIT 6   [ RunTime:0.0031s ]
SQL: SELECT `id`,`name`,`add_time`,`thumb`,`click`,`source`,`author` FROM `miuu_essay` WHERE `recycle` = 'no' AND `on_sale` = 'yes' AND `recommend` = 'yes' ORDER BY id desc LIMIT 4   [ RunTime:0.0008s ]
SQL: SELECT `id`,`name`,`add_time`,`thumb`,`click` FROM `miuu_notes` WHERE `recycle` = 'no' AND `on_sale` = 'yes' AND `recommend` = 'yes' ORDER BY id desc LIMIT 9   [ RunTime:0.0009s ]
SQL: SELECT `id`,`name` FROM `miuu_articles` ORDER BY add_time asc LIMIT 4   [ RunTime:0.0005s ]
INFO: [ view_parse ] --START--
INFO: [ template_filter ] --START--
INFO: Run Behavior\ContentReplaceBehavior [ RunTime:0.000261s ]
INFO: [ template_filter ] --END-- [ RunTime:0.000303s ]
INFO: Run Behavior\ParseTemplateBehavior [ RunTime:0.020018s ]
INFO: [ view_parse ] --END-- [ RunTime:0.020061s ]
INFO: [ view_filter ] --START--
INFO: Run Behavior\WriteHtmlCacheBehavior [ RunTime:0.000367s ]
INFO: Run Behavior\TokenBuildBehavior [ RunTime:0.000511s ]
INFO: [ view_filter ] --END-- [ RunTime:0.000949s ]
INFO: [ app_end ] --START--
INFO: Run Behavior\ShowPageTraceBehavior [ RunTime:0.002113s ]
INFO: [ app_end ] --END-- [ RunTime:0.002203s ]

[ 2017-05-25T17:07:35+08:00 ] ::1 /web/Public/Admin/css/bootstrap.min.css.map
INFO: [ app_init ] --START--
INFO: Run Behavior\BuildLiteBehavior [ RunTime:0.000036s ]
INFO: [ app_init ] --END-- [ RunTime:0.000602s ]
INFO: [ app_begin ] --START--
INFO: Run Behavior\ReadHtmlCacheBehavior [ RunTime:0.000692s ]
INFO: [ app_begin ] --END-- [ RunTime:0.000764s ]
ERR: 无法加载控制器:Public

[ 2017-05-25T17:44:07+08:00 ] ::1 /web/Public/Admin/css/bootstrap.min.css.map
INFO: [ app_init ] --START--
INFO: Run Behavior\BuildLiteBehavior [ RunTime:0.000023s ]
INFO: [ app_init ] --END-- [ RunTime:0.000483s ]
INFO: [ app_begin ] --START--
INFO: Run Behavior\ReadHtmlCacheBehavior [ RunTime:0.001740s ]
INFO: [ app_begin ] --END-- [ RunTime:0.001833s ]
ERR: 无法加载控制器:Public

